<?xml version="1.0" encoding="utf-8"?><testsuites name="pytest tests"><testsuite name="pytest" errors="0" failures="0" skipped="0" tests="17" time="8.649" timestamp="2026-03-12T14:04:14.595365+00:00" hostname="agent-env-9d7224eb-0469-48ad-bf2b-e6f489bd4ac3"><testcase classname="backend.tests.test_tenant_isolation.TestAPIEndpoints" name="test_api_root_returns_postgresql" time="0.170" /><testcase classname="backend.tests.test_tenant_isolation.TestAPIEndpoints" name="test_api_health_check" time="1.828" /><testcase classname="backend.tests.test_tenant_isolation.TestAuthFlows" name="test_super_admin_login" time="0.329" /><testcase classname="backend.tests.test_tenant_isolation.TestAuthFlows" name="test_ceo_login" time="0.363" /><testcase classname="backend.tests.test_tenant_isolation.TestAuthFlows" name="test_owner_login" time="0.335" /><testcase classname="backend.tests.test_tenant_isolation.TestAuthFlows" name="test_invalid_credentials_rejected" time="0.133" /><testcase classname="backend.tests.test_tenant_isolation.TestSuperAdminDataAccess" name="test_super_admin_dashboard_stats" time="0.441" /><testcase classname="backend.tests.test_tenant_isolation.TestSuperAdminDataAccess" name="test_super_admin_products_list" time="0.543" /><testcase classname="backend.tests.test_tenant_isolation.TestSuperAdminDataAccess" name="test_super_admin_employees_list" time="0.434" /><testcase classname="backend.tests.test_tenant_isolation.TestCEODataAccess" name="test_ceo_dashboard_stats" time="0.442" /><testcase classname="backend.tests.test_tenant_isolation.TestCEODataAccess" name="test_ceo_products_list" time="0.486" /><testcase classname="backend.tests.test_tenant_isolation.TestOwnerDataIsolation" name="test_owner_dashboard_stats_isolated" time="0.491" /><testcase classname="backend.tests.test_tenant_isolation.TestOwnerDataIsolation" name="test_owner_products_list_isolated" time="0.463" /><testcase classname="backend.tests.test_tenant_isolation.TestOwnerDataIsolation" name="test_owner_employees_list_isolated" time="0.470" /><testcase classname="backend.tests.test_tenant_isolation.TestRegistration2FA" name="test_registration_request_sends_otp" time="0.393" /><testcase classname="backend.tests.test_tenant_isolation.TestRegistration2FA" name="test_create_owner_account_if_not_exists" time="0.335" /><testcase classname="backend.tests.test_tenant_isolation.TestDataIsolationComparison" name="test_isolation_comparison" time="0.936" /></testsuite></testsuites>