<?xml version="1.0" encoding="utf-8"?><testsuites name="pytest tests"><testsuite name="pytest" errors="0" failures="0" skipped="0" tests="15" time="8.374" timestamp="2026-03-23T00:12:51.749744+00:00" hostname="agent-env-986fc659-6804-4e67-b7d5-a153ced85907"><testcase classname="backend.tests.test_dashboard_separation.TestAuthentication" name="test_super_admin_login" time="0.436" /><testcase classname="backend.tests.test_dashboard_separation.TestAuthentication" name="test_ceo_login" time="0.342" /><testcase classname="backend.tests.test_dashboard_separation.TestSuperAdminDashboard" name="test_platform_stats_returns_global_metrics" time="0.452" /><testcase classname="backend.tests.test_dashboard_separation.TestSuperAdminDashboard" name="test_admin_users_list" time="0.485" /><testcase classname="backend.tests.test_dashboard_separation.TestSuperAdminDashboard" name="test_admin_shops_list" time="0.464" /><testcase classname="backend.tests.test_dashboard_separation.TestSuperAdminDashboard" name="test_admin_subscriptions_list" time="0.452" /><testcase classname="backend.tests.test_dashboard_separation.TestOwnerDashboard" name="test_dashboard_stats_returns_shop_metrics" time="0.457" /><testcase classname="backend.tests.test_dashboard_separation.TestOwnerDashboard" name="test_owner_stock_alerts" time="0.437" /><testcase classname="backend.tests.test_dashboard_separation.TestOwnerDashboard" name="test_owner_products_list" time="0.436" /><testcase classname="backend.tests.test_dashboard_separation.TestOwnerDashboard" name="test_owner_employees_list" time="0.458" /><testcase classname="backend.tests.test_dashboard_separation.TestOwnerDashboard" name="test_owner_sales_list" time="0.448" /><testcase classname="backend.tests.test_dashboard_separation.TestRBACRestrictions" name="test_ceo_can_access_admin_users" time="0.821" /><testcase classname="backend.tests.test_dashboard_separation.TestRBACRestrictions" name="test_ceo_can_access_admin_shops" time="1.037" /><testcase classname="backend.tests.test_dashboard_separation.TestRBACRestrictions" name="test_ceo_cannot_access_platform_stats" time="0.795" /><testcase classname="backend.tests.test_dashboard_separation.TestRBACRestrictions" name="test_super_admin_can_access_dashboard_stats" time="0.785" /></testsuite></testsuites>