<?xml version="1.0" encoding="utf-8"?><testsuites name="pytest tests"><testsuite name="pytest" errors="0" failures="0" skipped="0" tests="22" time="10.572" timestamp="2026-03-22T12:05:08.982951+00:00" hostname="agent-env-9d7224eb-0469-48ad-bf2b-e6f489bd4ac3"><testcase classname="backend.tests.test_admin_owner_features.TestAuthentication" name="test_super_admin_login" time="0.553" /><testcase classname="backend.tests.test_admin_owner_features.TestAuthentication" name="test_ceo_login" time="0.383" /><testcase classname="backend.tests.test_admin_owner_features.TestAuthentication" name="test_owner_login" time="0.358" /><testcase classname="backend.tests.test_admin_owner_features.TestAuthentication" name="test_invalid_credentials" time="0.105" /><testcase classname="backend.tests.test_admin_owner_features.TestAdminUserManagement" name="test_admin_list_users" time="0.483" /><testcase classname="backend.tests.test_admin_owner_features.TestAdminUserManagement" name="test_admin_create_user" time="0.788" /><testcase classname="backend.tests.test_admin_owner_features.TestAdminUserManagement" name="test_admin_suspend_user" time="1.031" /><testcase classname="backend.tests.test_admin_owner_features.TestAdminShopManagement" name="test_admin_list_shops" time="0.436" /><testcase classname="backend.tests.test_admin_owner_features.TestAdminShopManagement" name="test_admin_deactivate_activate_shop" time="0.636" /><testcase classname="backend.tests.test_admin_owner_features.TestAdminSubscriptions" name="test_admin_list_subscriptions" time="0.443" /><testcase classname="backend.tests.test_admin_owner_features.TestAdminPlatformStats" name="test_admin_platform_stats" time="0.424" /><testcase classname="backend.tests.test_admin_owner_features.TestOwnerFinancialAnalysis" name="test_owner_financial_analysis" time="0.469" /><testcase classname="backend.tests.test_admin_owner_features.TestOwnerStockAlerts" name="test_owner_stock_alerts" time="0.443" /><testcase classname="backend.tests.test_admin_owner_features.TestOwnerSalesBySellerProduct" name="test_owner_sales_by_seller" time="0.459" /><testcase classname="backend.tests.test_admin_owner_features.TestOwnerSalesBySellerProduct" name="test_owner_sales_by_product" time="0.439" /><testcase classname="backend.tests.test_admin_owner_features.TestProductReturns" name="test_list_returns" time="0.442" /><testcase classname="backend.tests.test_admin_owner_features.TestSellerPerformance" name="test_seller_my_performance" time="0.436" /><testcase classname="backend.tests.test_admin_owner_features.TestSellerPerformance" name="test_seller_available_products" time="0.423" /><testcase classname="backend.tests.test_admin_owner_features.TestShopInfo" name="test_owner_shop_info" time="0.428" /><testcase classname="backend.tests.test_admin_owner_features.TestRBACAccess" name="test_owner_cannot_access_admin_users" time="0.434" /><testcase classname="backend.tests.test_admin_owner_features.TestRBACAccess" name="test_owner_cannot_access_admin_shops" time="0.427" /><testcase classname="backend.tests.test_admin_owner_features.TestRBACAccess" name="test_owner_cannot_access_platform_stats" time="0.435" /></testsuite></testsuites>