<?xml version="1.0" encoding="utf-8"?><testsuites name="pytest tests"><testsuite name="pytest" errors="0" failures="0" skipped="0" tests="11" time="4.411" timestamp="2026-03-12T13:27:16.446089+00:00" hostname="agent-env-9d7224eb-0469-48ad-bf2b-e6f489bd4ac3"><testcase classname="backend.tests.test_postgres_migration.TestAPIRoot" name="test_api_root_returns_postgresql" time="0.139" /><testcase classname="backend.tests.test_postgres_migration.TestAuthentication" name="test_login_admin_success" time="0.337" /><testcase classname="backend.tests.test_postgres_migration.TestAuthentication" name="test_login_invalid_credentials" time="0.132" /><testcase classname="backend.tests.test_postgres_migration.TestDashboard" name="test_dashboard_stats" time="0.497" /><testcase classname="backend.tests.test_postgres_migration.TestProducts" name="test_list_products_count" time="0.535" /><testcase classname="backend.tests.test_postgres_migration.TestEmployees" name="test_list_employees_count" time="0.475" /><testcase classname="backend.tests.test_postgres_migration.TestBatches" name="test_list_batches" time="0.457" /><testcase classname="backend.tests.test_postgres_migration.TestAccounts" name="test_list_accounts" time="0.492" /><testcase classname="backend.tests.test_postgres_migration.TestShops" name="test_list_shops" time="0.446" /><testcase classname="backend.tests.test_postgres_migration.TestSales" name="test_list_sales" time="0.475" /><testcase classname="backend.tests.test_postgres_migration.TestRegistration2FA" name="test_registration_request_triggers_otp" time="0.373" /></testsuite></testsuites>