<?xml version="1.0" encoding="utf-8"?><testsuites name="pytest tests"><testsuite name="pytest" errors="0" failures="0" skipped="0" tests="22" time="13.618" timestamp="2026-03-25T19:47:50.204350+00:00" hostname="agent-env-986fc659-6804-4e67-b7d5-a153ced85907"><testcase classname="tests.test_iteration7_features.TestAuthentication" name="test_owner_login" time="0.493" /><testcase classname="tests.test_iteration7_features.TestAuthentication" name="test_manager_login" time="0.365" /><testcase classname="tests.test_iteration7_features.TestAuthentication" name="test_stock_manager_login" time="0.371" /><testcase classname="tests.test_iteration7_features.TestAuthentication" name="test_seller_login" time="0.331" /><testcase classname="tests.test_iteration7_features.TestAuthentication" name="test_cashier_login" time="0.384" /><testcase classname="tests.test_iteration7_features.TestOwnerEmployeeManagement" name="test_owner_list_employees" time="0.496" /><testcase classname="tests.test_iteration7_features.TestOwnerEmployeeManagement" name="test_owner_create_employee" time="0.849" /><testcase classname="tests.test_iteration7_features.TestOwnerEmployeeManagement" name="test_owner_create_employee_all_roles" time="2.372" /><testcase classname="tests.test_iteration7_features.TestQRCodeFeatures" name="test_product_creation_generates_qr" time="0.570" /><testcase classname="tests.test_iteration7_features.TestQRCodeFeatures" name="test_qr_print_endpoint" time="0.596" /><testcase classname="tests.test_iteration7_features.TestQRCodeFeatures" name="test_qr_scan_endpoint_public" time="0.584" /><testcase classname="tests.test_iteration7_features.TestStockApprovalWorkflow" name="test_create_stock_request" time="0.567" /><testcase classname="tests.test_iteration7_features.TestStockApprovalWorkflow" name="test_list_stock_requests" time="0.447" /><testcase classname="tests.test_iteration7_features.TestStockApprovalWorkflow" name="test_filter_pending_requests" time="0.436" /><testcase classname="tests.test_iteration7_features.TestStockApprovalWorkflow" name="test_approve_stock_request" time="0.906" /><testcase classname="tests.test_iteration7_features.TestStockApprovalWorkflow" name="test_reject_stock_request" time="0.676" /><testcase classname="tests.test_iteration7_features.TestActivityLog" name="test_activity_log_endpoint" time="0.444" /><testcase classname="tests.test_iteration7_features.TestProductPricing" name="test_products_have_buy_sell_prices" time="0.529" /><testcase classname="tests.test_iteration7_features.TestProductPricing" name="test_create_product_with_prices" time="0.642" /><testcase classname="tests.test_iteration7_features.TestDashboardStats" name="test_owner_dashboard_stats" time="0.537" /><testcase classname="tests.test_iteration7_features.TestDashboardStats" name="test_seller_performance_endpoint" time="0.470" /><testcase classname="tests.test_iteration7_features.TestDashboardStats" name="test_seller_available_products" time="0.462" /></testsuite></testsuites>